<?xml version="1.0" encoding="UTF-8"?>
<!-- Generated by org.testng.reporters.JUnitReportReporter -->
<testsuite skipped="0" hostname="SonaliKhopde" name="com.training.sanity.tests.AdminLoginTest" tests="1" failures="0" timestamp="15 Feb 2019 10:34:17 GMT" time="15.275" errors="0">
  <testcase name="validLoginTest" time="15.275" classname="com.training.sanity.tests.AdminLoginTest"/>
</testsuite> <!-- com.training.sanity.tests.AdminLoginTest -->
