<?xml version="1.0" encoding="UTF-8"?>
<!-- Generated by org.testng.reporters.JUnitReportReporter -->
<testsuite skipped="0" hostname="SonaliKhopde" name="com.training.sanity.tests.OrderReturnsNegetiveTest_UNF_85" tests="4" failures="0" timestamp="05 Mar 2019 10:50:34 GMT" time="10.449" errors="0">
  <testcase name="fetchOrder" time="2.534" classname="com.training.sanity.tests.OrderReturnsNegetiveTest_UNF_85"/>
  <testcase name="fetchOrder" time="2.612" classname="com.training.sanity.tests.OrderReturnsNegetiveTest_UNF_85"/>
  <testcase name="fetchOrder" time="2.383" classname="com.training.sanity.tests.OrderReturnsNegetiveTest_UNF_85"/>
  <testcase name="fetchOrder" time="2.920" classname="com.training.sanity.tests.OrderReturnsNegetiveTest_UNF_85"/>
</testsuite> <!-- com.training.sanity.tests.OrderReturnsNegetiveTest_UNF_85 -->
