<?xml version="1.0" encoding="UTF-8"?>
<!-- Generated by org.testng.reporters.JUnitReportReporter -->
<testsuite skipped="0" hostname="SonaliKhopde" name="com.training.sanity.tests.RewardPointsTest_UNF_052" tests="3" failures="0" timestamp="22 Feb 2019 06:01:56 GMT" time="4.836" errors="0">
  <testcase name="customerGroupCreation" time="1.168" classname="com.training.sanity.tests.RewardPointsTest_UNF_052"/>
  <testcase name="addCustomer" time="2.832" classname="com.training.sanity.tests.RewardPointsTest_UNF_052"/>
  <testcase name="verifyReport" time="0.836" classname="com.training.sanity.tests.RewardPointsTest_UNF_052"/>
</testsuite> <!-- com.training.sanity.tests.RewardPointsTest_UNF_052 -->
