<?xml version="1.0" encoding="UTF-8"?>
<!-- Generated by org.testng.reporters.JUnitReportReporter -->
<testsuite skipped="0" hostname="SonaliKhopde" name="com.training.sanity.tests.ManufCatelogTest_UNF_055" tests="1" failures="0" timestamp="27 Feb 2019 11:02:44 GMT" time="19.055" errors="0">
  <testcase name="manufacturerCatelog" time="19.055" classname="com.training.sanity.tests.ManufCatelogTest_UNF_055"/>
</testsuite> <!-- com.training.sanity.tests.ManufCatelogTest_UNF_055 -->
