<?xml version="1.0" encoding="UTF-8"?>
<!-- Generated by org.testng.reporters.JUnitReportReporter -->
<testsuite skipped="0" hostname="SonaliKhopde" name="com.training.sanity.tests.OrderHistoryTest_UNF_053" tests="1" failures="0" timestamp="27 Feb 2019 12:56:13 GMT" time="18.360" errors="0">
  <testcase name="validLoginTest" time="18.360" classname="com.training.sanity.tests.OrderHistoryTest_UNF_053"/>
</testsuite> <!-- com.training.sanity.tests.OrderHistoryTest_UNF_053 -->
