<?xml version="1.0" encoding="UTF-8"?>
<!-- Generated by org.testng.reporters.JUnitReportReporter -->
<testsuite skipped="0" hostname="SonaliKhopde" name="com.training.sanity.tests.OrderReturnsTest_UNF_082" tests="1" failures="0" timestamp="05 Mar 2019 08:36:50 GMT" time="9.317" errors="0">
  <testcase name="adminPlaceOrder" time="9.317" classname="com.training.sanity.tests.OrderReturnsTest_UNF_082"/>
</testsuite> <!-- com.training.sanity.tests.OrderReturnsTest_UNF_082 -->
