<?xml version="1.0" encoding="UTF-8"?>
<!-- Generated by org.testng.reporters.JUnitReportReporter -->
<testsuite skipped="0" hostname="SonaliKhopde" name="com.training.sanity.tests.ReturnReportTest" tests="1" failures="0" timestamp="15 Feb 2019 07:52:35 GMT" time="14.550" errors="0">
  <testcase name="taxReport" time="14.550" classname="com.training.sanity.tests.ReturnReportTest"/>
</testsuite> <!-- com.training.sanity.tests.ReturnReportTest -->
