<?xml version="1.0" encoding="UTF-8"?>
<!-- Generated by org.testng.reporters.JUnitReportReporter -->
<testsuite skipped="0" hostname="SonaliKhopde" name="com.training.sanity.tests.OrderReportTest" tests="1" failures="0" timestamp="15 Feb 2019 08:59:20 GMT" time="15.362" errors="0">
  <testcase name="salesReport" time="15.362" classname="com.training.sanity.tests.OrderReportTest"/>
</testsuite> <!-- com.training.sanity.tests.OrderReportTest -->
