<?xml version="1.0" encoding="UTF-8"?>
<!-- Generated by org.testng.reporters.JUnitReportReporter -->
<testsuite skipped="0" hostname="SonaliKhopde" name="com.training.sanity.tests.OrderReturnsNegetiveTest_UNF_83" tests="3" failures="0" timestamp="05 Mar 2019 08:39:42 GMT" time="15.466" errors="0">
  <testcase name="fetchOrder" time="5.103" classname="com.training.sanity.tests.OrderReturnsNegetiveTest_UNF_83"/>
  <testcase name="fetchOrder" time="5.289" classname="com.training.sanity.tests.OrderReturnsNegetiveTest_UNF_83"/>
  <testcase name="fetchOrder" time="5.074" classname="com.training.sanity.tests.OrderReturnsNegetiveTest_UNF_83"/>
</testsuite> <!-- com.training.sanity.tests.OrderReturnsNegetiveTest_UNF_83 -->
