<?xml version="1.0" encoding="UTF-8"?>
<!-- Generated by org.testng.reporters.JUnitReportReporter -->
<testsuite skipped="0" hostname="SonaliKhopde" name="com.training.regression.tests.OrderReturn_DB_Test_UNF_084" tests="1" failures="0" timestamp="08 Mar 2019 11:38:19 GMT" time="19.554" errors="0">
  <testcase name="saveToDB" time="19.554" classname="com.training.regression.tests.OrderReturn_DB_Test_UNF_084"/>
</testsuite> <!-- com.training.regression.tests.OrderReturn_DB_Test_UNF_084 -->
