<?xml version="1.0" encoding="UTF-8"?>
<!-- Generated by org.testng.reporters.JUnitReportReporter -->
<testsuite skipped="0" hostname="SonaliKhopde" name="com.training.sanity.tests.CustomerGroupTest_UNF_051" tests="3" failures="0" timestamp="22 Feb 2019 05:32:53 GMT" time="7.637" errors="0">
  <testcase name="customerGroupCreation" time="2.594" classname="com.training.sanity.tests.CustomerGroupTest_UNF_051"/>
  <testcase name="addCustomer" time="2.053" classname="com.training.sanity.tests.CustomerGroupTest_UNF_051"/>
  <testcase name="addCustomerAddress" time="2.990" classname="com.training.sanity.tests.CustomerGroupTest_UNF_051"/>
</testsuite> <!-- com.training.sanity.tests.CustomerGroupTest_UNF_051 -->
