<?xml version="1.0" encoding="UTF-8"?>
<!-- Generated by org.testng.reporters.JUnitReportReporter -->
<testsuite skipped="0" hostname="SonaliKhopde" name="com.training.regression.tests.LoginDBTest" tests="1" failures="0" timestamp="05 Mar 2019 11:49:21 GMT" time="13.557" errors="0">
  <testcase name="loginDBTest" time="13.557" classname="com.training.regression.tests.LoginDBTest"/>
</testsuite> <!-- com.training.regression.tests.LoginDBTest -->
