<?xml version="1.0" encoding="UTF-8"?>
<!-- Generated by org.testng.reporters.JUnitReportReporter -->
<testsuite skipped="0" hostname="SonaliKhopde" name="com.training.regression.tests.Sales_DB_Test_UNF_81" tests="1" failures="0" timestamp="11 Mar 2019 06:11:04 GMT" time="15.903" errors="0">
  <testcase name="saveToDB" time="15.903" classname="com.training.regression.tests.Sales_DB_Test_UNF_81"/>
</testsuite> <!-- com.training.regression.tests.Sales_DB_Test_UNF_81 -->
