<?xml version="1.0" encoding="UTF-8"?>
<!-- Generated by org.testng.reporters.JUnitReportReporter -->
<testsuite skipped="0" hostname="SonaliKhopde" name="com.training.sanity.tests.OrderSalesTest_UNF_054" tests="1" failures="0" timestamp="27 Feb 2019 12:59:02 GMT" time="23.518" errors="0">
  <testcase name="adminPlaceOrder" time="23.518" classname="com.training.sanity.tests.OrderSalesTest_UNF_054"/>
</testsuite> <!-- com.training.sanity.tests.OrderSalesTest_UNF_054 -->
