<?xml version="1.0" encoding="UTF-8"?>
<!-- Generated by org.testng.reporters.JUnitReportReporter -->
<testsuite skipped="0" hostname="SonaliKhopde" name="com.training.sanity.tests.AdminLoginTest" tests="1" failures="0" timestamp="28 Feb 2019 06:35:03 GMT" time="17.888" errors="0">
  <testcase name="validLoginTest" time="17.888" classname="com.training.sanity.tests.AdminLoginTest"/>
</testsuite> <!-- com.training.sanity.tests.AdminLoginTest -->
