<?xml version="1.0" encoding="UTF-8"?>
<!-- Generated by org.testng.reporters.JUnitReportReporter -->
<testsuite skipped="0" hostname="SonaliKhopde" name="com.training.regression.tests.LoginExcelTest" tests="2" failures="0" timestamp="01 Mar 2019 06:13:53 GMT" time="17.725" errors="0">
  <testcase name="loginDBTest" time="8.093" classname="com.training.regression.tests.LoginExcelTest"/>
  <testcase name="loginDBTest" time="9.632" classname="com.training.regression.tests.LoginExcelTest"/>
</testsuite> <!-- com.training.regression.tests.LoginExcelTest -->
