<?xml version="1.0" encoding="UTF-8"?>
<!-- Generated by org.testng.reporters.JUnitReportReporter -->
<testsuite skipped="0" hostname="SonaliKhopde" name="com.training.sanity.tests.TaxReportTest" tests="1" failures="0" timestamp="15 Feb 2019 06:49:36 GMT" time="14.557" errors="0">
  <testcase name="taxReport" time="14.557" classname="com.training.sanity.tests.TaxReportTest"/>
</testsuite> <!-- com.training.sanity.tests.TaxReportTest -->
