<?xml version="1.0" encoding="UTF-8"?>
<!-- Generated by org.testng.reporters.JUnitReportReporter -->
<testsuite skipped="0" hostname="SonaliKhopde" name="com.training.sanity.tests.RewardPointsTest" tests="3" failures="0" timestamp="21 Feb 2019 09:22:13 GMT" time="5.581" errors="0">
  <testcase name="customerGroupCreation" time="1.247" classname="com.training.sanity.tests.RewardPointsTest"/>
  <testcase name="addCustomer" time="3.523" classname="com.training.sanity.tests.RewardPointsTest"/>
  <testcase name="verifyReport" time="0.811" classname="com.training.sanity.tests.RewardPointsTest"/>
</testsuite> <!-- com.training.sanity.tests.RewardPointsTest -->
