<?xml version="1.0" encoding="UTF-8"?>
<!-- Generated by org.testng.reporters.JUnitReportReporter -->
<testsuite skipped="0" hostname="SonaliKhopde" name="com.training.sanity.tests.ShippingReportTest" tests="1" failures="0" timestamp="15 Feb 2019 07:49:22 GMT" time="14.031" errors="0">
  <testcase name="taxReport" time="14.031" classname="com.training.sanity.tests.ShippingReportTest"/>
</testsuite> <!-- com.training.sanity.tests.ShippingReportTest -->
